2022-05-05 18:04:08,371 - main.py - INFO - {'status': 200, 'msg': {'text': '⚠️ Error'}}
2022-05-05 18:04:08,789 - main.py - INFO - {'status': 200, 'msg': {'text': '⚠️ Error2'}}
2022-05-05 18:05:12,481 - main.py - INFO - {'status': 200, 'msg': {'text': '⚠️ Error'}}
2022-05-05 18:05:12,879 - main.py - INFO - {'status': 200, 'msg': {'text': '⚠️ Error2'}}
2022-05-05 18:05:14,937 - main.py - INFO - {'status': 200, 'msg': {'text': '⚠️ Error'}}
2022-05-05 18:05:15,324 - main.py - INFO - {'status': 200, 'msg': {'text': '⚠️ Error2'}}
2022-05-05 18:05:57,067 - main.py - INFO - {'status': 200, 'msg': {'text': '⚠️ Error'}}
2022-05-05 18:05:57,478 - main.py - INFO - {'status': 200, 'msg': {'text': '⚠️ Error2'}}
2022-05-05 18:06:03,920 - main.py - INFO - {'status': 200, 'msg': {'text': '⚠️ Error'}}
2022-05-05 18:06:04,290 - main.py - INFO - {'status': 200, 'msg': {'text': 'test message'}}
2022-05-05 18:06:15,197 - main.py - INFO - {'status': 200, 'msg': {'text': '⚠️ Error'}}
2022-05-05 18:06:15,761 - main.py - INFO - {'status': 200, 'msg': {'text': 'test message'}}
2022-05-05 18:06:27,575 - main.py - INFO - {'status': 200, 'msg': {'text': '⚠️ Error: test Alert'}}
2022-05-05 18:06:27,938 - main.py - INFO - {'status': 200, 'msg': {'text': 'test message'}}
2022-05-05 18:07:50,784 - main.py - INFO - {'status': 200, 'msg': {'text': '⚠️ Error: test Alert'}}
2022-05-05 18:07:51,499 - main.py - INFO - {'status': 200, 'msg': {'text': 'test message'}}
2022-05-05 18:08:24,539 - main.py - INFO - {'status': 200, 'msg': {'text': '⚠️ Error: test Alert'}}
2022-05-05 18:08:24,945 - main.py - INFO - {'status': 200, 'msg': {'text': 'test message'}}
2022-05-05 18:08:52,665 - main.py - INFO - {'status': 403, 'msg': {'text': '⚠️ Error: test Alert'}}
2022-05-05 18:08:53,234 - main.py - INFO - {'status': 403, 'msg': {'text': 'test message'}}
2022-05-05 18:09:01,782 - main.py - INFO - {'status': 403, 'msg': {'text': '⚠️ Error: test Alert'}}
2022-05-05 18:09:02,294 - main.py - INFO - {'status': 403, 'msg': {'text': 'test message'}}
2022-05-05 18:09:24,997 - main.py - INFO - {'status': 403, 'msg': {'text': '⚠️ Error: test Alert'}}
2022-05-05 18:09:25,590 - main.py - INFO - {'status': 403, 'msg': {'text': 'test message'}}
2022-05-05 18:09:58,583 - main.py - ERROR - 
2022-05-05 18:09:59,094 - main.py - ERROR - 
2022-05-05 18:10:39,368 - main.py - ERROR - {403, Exception()}
2022-05-05 18:10:39,848 - main.py - ERROR - {Exception(), 403}
2022-05-05 18:11:02,063 - main.py - ERROR - {'status': 403}
2022-05-05 18:11:02,405 - main.py - ERROR - {'status': 403}
2022-05-05 18:11:43,850 - main.py - ERROR - {'status': 403}
2022-05-05 18:11:54,071 - main.py - ERROR - {'status': 403}
2022-05-05 18:12:34,948 - main.py - ERROR - {'status': 403, 'msg': {'text': '⚠️ Error: test Alert'}}
2022-05-05 18:12:50,817 - main.py - ERROR - {'status': 200, 'msg': {'text': '⚠️ Error: test Alert'}}
2022-05-05 18:13:07,302 - main.py - INFO - {'status': 200, 'msg': {'text': '⚠️ Error: test Alert'}}
2022-05-05 18:13:07,671 - main.py - INFO - {'status': 200, 'msg': {'text': 'test message'}}
2022-05-05 18:13:19,176 - main.py - ERROR - {'status': 403, 'msg': {'text': '⚠️ Error: test Alert'}}
2022-05-05 18:14:06,473 - main.py - INFO - {'status': 200, 'msg': {'text': '⚠️ Error: test Alert'}}
2022-05-05 18:14:06,874 - main.py - INFO - {'status': 200, 'msg': {'text': 'test message'}}
2022-05-05 18:14:25,018 - main.py - ERROR - {'status': 403, 'msg': {'text': '⚠️ Error: test Alert'}}
2022-05-05 18:14:25,632 - main.py - ERROR - {'status': 403, 'msg': {'text': 'test message'}}
2022-05-05 18:19:46,313 - main.py - INFO - {'msg': 'Done'}
2022-05-05 18:19:46,313 - main.py - INFO - {'msg': 'Done'}
2022-05-05 18:20:06,863 - main.py - ERROR - {'status': 200, 'msg': {'text': '⚠️ Error: test Alert'}}
2022-05-05 18:20:06,864 - main.py - INFO - {'msg': 'Done'}
2022-05-05 18:20:51,267 - main.py - ERROR - {'ex': Exception(), 'status': 200, 'msg': {'text': '⚠️ Error: test Alert'}}
2022-05-05 18:20:51,269 - main.py - INFO - {'msg': 'Done'}
